<?xml version="1.0" encoding="UTF-8"?>
<testsuite name="com.tutor4me.uesr.Tutor4meUserprofileServiceApplicationTests" tests="0" skipped="0" failures="0" errors="0" timestamp="1970-01-01T00:00:00" hostname="DESKTOP-NLELCVD" time="0.0">
  <properties/>
  <system-out><![CDATA[[2019-07-16 11:15:35.903] NO-REQUEST-ID INFO o.s.b.t.c.SpringBootTestContextBootstrapper - Neither @ContextConfiguration nor @ContextHierarchy found for test class [com.tutor4me.uesr.Tutor4meUserprofileServiceApplicationTests], using SpringBootContextLoader [2019-07-16 11:15:35.937] NO-REQUEST-ID INFO o.s.t.c.s.AbstractContextLoader - Could not detect default resource locations for test class [com.tutor4me.uesr.Tutor4meUserprofileServiceApplicationTests]: no resource found for suffixes {-context.xml, Context.groovy}. [2019-07-16 11:15:35.938] NO-REQUEST-ID INFO o.s.t.c.s.AnnotationConfigContextLoaderUtils - Could not detect default configuration classes for test class [com.tutor4me.uesr.Tutor4meUserprofileServiceApplicationTests]: Tutor4meUserprofileServiceApplicationTests does not declare any static, non-private, non-final, nested classes annotated with @Configuration. [2019-07-16 11:15:36.195] NO-REQUEST-ID INFO o.s.b.t.c.SpringBootTestContextBootstrapper - Found @SpringBootConfiguration com.tutor4me.uesr.UserLoginServiceApplication for test class com.tutor4me.uesr.Tutor4meUserprofileServiceApplicationTests [2019-07-16 11:15:36.464] NO-REQUEST-ID INFO o.s.b.t.c.SpringBootTestContextBootstrapper - Loaded default TestExecutionListener class names from location [META-INF/spring.factories]: [org.springframework.boot.test.autoconfigure.restdocs.RestDocsTestExecutionListener, org.springframework.boot.test.autoconfigure.web.client.MockRestServiceServerResetTestExecutionListener, org.springframework.boot.test.autoconfigure.web.servlet.MockMvcPrintOnlyOnFailureTestExecutionListener, org.springframework.boot.test.autoconfigure.web.servlet.WebDriverTestExecutionListener, org.springframework.boot.test.mock.mockito.MockitoTestExecutionListener, org.springframework.boot.test.mock.mockito.ResetMocksTestExecutionListener, org.springframework.test.context.web.ServletTestExecutionListener, org.springframework.test.context.support.DirtiesContextBeforeModesTestExecutionListener, org.springframework.test.context.support.DependencyInjectionTestExecutionListener, org.springframework.test.context.support.DirtiesContextTestExecutionListener, org.springframework.test.context.transaction.TransactionalTestExecutionListener, org.springframework.test.context.jdbc.SqlScriptsTestExecutionListener] [2019-07-16 11:15:36.517] NO-REQUEST-ID INFO o.s.b.t.c.SpringBootTestContextBootstrapper - Using TestExecutionListeners: [org.springframework.test.context.web.ServletTestExecutionListener@49af7c51, org.springframework.test.context.support.DirtiesContextBeforeModesTestExecutionListener@b593b8, org.springframework.boot.test.mock.mockito.MockitoTestExecutionListener@6b769121, org.springframework.boot.test.autoconfigure.SpringBootDependencyInjectionTestExecutionListener@29717f13, org.springframework.test.context.support.DirtiesContextTestExecutionListener@1b8ec398, org.springframework.test.context.transaction.TransactionalTestExecutionListener@370aab02, org.springframework.test.context.jdbc.SqlScriptsTestExecutionListener@68aacb5b, org.springframework.boot.test.autoconfigure.restdocs.RestDocsTestExecutionListener@4a81a8ba, org.springframework.boot.test.autoconfigure.web.client.MockRestServiceServerResetTestExecutionListener@27fe2071, org.springframework.boot.test.autoconfigure.web.servlet.MockMvcPrintOnlyOnFailureTestExecutionListener@45cecd37, org.springframework.boot.test.autoconfigure.web.servlet.WebDriverTestExecutionListener@7b0026c6, org.springframework.boot.test.mock.mockito.ResetMocksTestExecutionListener@3c039564] ]]></system-out>
  <system-err><![CDATA[]]></system-err>
</testsuite>
